(---------------------------------------------------------------------)
(                                                                     )
(    Refresh Padstack                                                 )
(                                                                     )
(    Drawing          : STM32F103_LQFP64.dra                          )
(    Software Version : 16.6-2015S066                                 )
(    Date/Time        : Wed Sep 28 22:54:26 2016                      )
(                                                                     )
(---------------------------------------------------------------------)


Wed Sep 28 22:54:26 2016				Page     1


------ Pad Stack Refresh Options ------

Input design  = 'F:/CADENCE LIB/cadence-lib-new/foorprint/STM32F103_LQFP64/STM32F103_LQFP64/STM32F103_LQFP64_Allegro/STM32F103_LQF~
P64.dra'
Output design = ''
Reset symbol text and size locations   = 'NO'


------ Library Paths ------
PSMPATH =  F:/CADENCE LIB/cadence-lib-new/PSM/ 

PADPATH =  F:/CADENCE LIB/cadence-lib-new/PAD/ 


------ Pad Stack Refresh Messages ------

'B120_30'  pad stack refresh starting.

     'B120_30'  pad stack refreshed successfully.
     
Completed refreshing all pad stacks successfully.
